{
  "RSpec": {
    "coverage": {
      "/Users/ianfleming/Documents/airport-challenge/airport_challenge/spec/airport_spec.rb": [
        1,
        null,
        1,
        1,
        1,
        1,
        null,
        null,
        null,
        null,
        null,
        null,
        null,
        null,
        null,
        null,
        null,
        null,
        null
      ],
      "/Users/ianfleming/Documents/airport-challenge/airport_challenge/lib/airport.rb": [
        1,
        null,
        null,
        null,
        null,
        null,
        null,
        null,
        null
      ],
      "/Users/ianfleming/Documents/airport-challenge/airport_challenge/spec/feature_spec.rb": [
        1,
        1
      ],
      "/Users/ianfleming/Documents/airport-challenge/airport_challenge/lib/plane.rb": [
        1,
        1,
        null,
        null,
        null,
        1,
        null,
        null,
        null
      ],
      "/Users/ianfleming/Documents/airport-challenge/airport_challenge/spec/plane_spec.rb": [
        1,
        null,
        1,
        1,
        1,
        1,
        null,
        null,
        1,
        1,
        1,
        null,
        null,
        1,
        1,
        1,
        null,
        null
      ]
    },
    "timestamp": 1606584178
  }
}
